\BOOKMARK [-1][-]{part.3}{I State of the art}{}% 1
\BOOKMARK [0][-]{chapter.4}{State of the art}{part.3}% 2
\BOOKMARK [1][-]{section.6}{Human dialogue}{chapter.4}% 3
\BOOKMARK [2][-]{subsection.7}{Dialogue acts}{section.6}% 4
\BOOKMARK [2][-]{subsection.8}{Turn-taking in human dialogue}{section.6}% 5
\BOOKMARK [2][-]{subsection.12}{Incremental speech processing in human conversation}{section.6}% 6
\BOOKMARK [1][-]{section.13}{Spoken dialogue systems}{chapter.4}% 7
\BOOKMARK [2][-]{subsection.14}{Towards a human-like interaction}{section.13}% 8
\BOOKMARK [2][-]{subsection.15}{Spoken dialogue systems architecture}{section.13}% 9
\BOOKMARK [2][-]{subsection.28}{Spoken dialogue systems evaluation}{section.13}% 10
\BOOKMARK [1][-]{section.29}{Incremental dialogue systems}{chapter.4}% 11
\BOOKMARK [2][-]{subsection.30}{Principles}{section.29}% 12
\BOOKMARK [2][-]{subsection.32}{Advantages of incremental processing}{section.29}% 13
\BOOKMARK [2][-]{subsection.33}{New challenges raised by incremental dialogue processing}{section.29}% 14
\BOOKMARK [2][-]{subsection.41}{Existing architectures}{section.29}% 15
\BOOKMARK [1][-]{section.44}{Reinforcement Learning}{chapter.4}% 16
\BOOKMARK [2][-]{subsection.45}{Reinforcement in biology}{section.44}% 17
\BOOKMARK [2][-]{subsection.47}{Markov Decision Processes}{section.44}% 18
\BOOKMARK [2][-]{subsection.53}{Reinforcement Learning}{section.44}% 19
\BOOKMARK [1][-]{section.67}{Reinforcement learning in spoken dialogue systems}{chapter.4}% 20
\BOOKMARK [2][-]{subsection.68}{In the litterature}{section.67}% 21
\BOOKMARK [2][-]{subsection.69}{Spoken dialogue systems at Orange and the LIA}{section.67}% 22
\BOOKMARK [2][-]{subsection.70}{Dialogue simulation}{section.67}% 23
\BOOKMARK [1][-]{section.71}{Reinforcement learning in incremental dialogue systems}{chapter.4}% 24
\BOOKMARK [-1][-]{part.72}{II Contributions}{}% 25
\BOOKMARK [0][-]{chapter.73}{Turn-taking phenomena taxonomy}{part.72}% 26
\BOOKMARK [1][-]{section.74}{Introduction}{chapter.73}% 27
\BOOKMARK [1][-]{section.79}{Taxonomy presentation}{chapter.73}% 28
\BOOKMARK [1][-]{section.95}{Discussion}{chapter.73}% 29
\BOOKMARK [2][-]{subsection.105}{Dialogue initialisation}{section.95}% 30
\BOOKMARK [2][-]{subsection.106}{Negative feedback}{section.95}% 31
\BOOKMARK [2][-]{subsection.107}{Positive feedback}{section.95}% 32
\BOOKMARK [2][-]{subsection.110}{Reference}{section.95}% 33
\BOOKMARK [2][-]{subsection.111}{Ordered dialogue acts}{section.95}% 34
\BOOKMARK [2][-]{subsection.112}{Synthesis}{section.95}% 35
\BOOKMARK [1][-]{section.115}{Turn-taking phenomena in dialogue systems}{chapter.73}% 36
\BOOKMARK [0][-]{chapter.117}{Turn-taking decision module: the Scheduler}{part.72}% 37
\BOOKMARK [1][-]{section.118}{Description}{chapter.117}% 38
\BOOKMARK [2][-]{subsection.119}{Overview}{section.118}% 39
\BOOKMARK [2][-]{subsection.121}{Time sharing}{section.118}% 40
\BOOKMARK [2][-]{subsection.124}{The Scheduler}{section.118}% 41
\BOOKMARK [1][-]{section.127}{Illustration}{chapter.117}% 42
\BOOKMARK [2][-]{subsection.128}{A textual dialogue system: CFAsT}{section.127}% 43
\BOOKMARK [2][-]{subsection.130}{A spoken dialogue system: Dictanum}{section.127}% 44
\BOOKMARK [1][-]{section.131}{Discussion}{chapter.117}% 45
\BOOKMARK [2][-]{subsection.132}{Levels of incrementality}{section.131}% 46
\BOOKMARK [2][-]{subsection.133}{Enhancing a traditional dialogue system's turn-taking abilities at a low cost}{section.131}% 47
\BOOKMARK [0][-]{chapter.135}{Dialogue strategies}{part.72}% 48
\BOOKMARK [1][-]{section.136}{Utterance representation}{chapter.135}% 49
\BOOKMARK [1][-]{section.137}{Elementary tasks}{chapter.135}% 50
\BOOKMARK [1][-]{section.141}{Slot-filling strategies}{chapter.135}% 51
\BOOKMARK [2][-]{subsection.142}{System initiative strategies}{section.141}% 52
\BOOKMARK [2][-]{subsection.143}{User initiative strategies}{section.141}% 53
\BOOKMARK [2][-]{subsection.144}{Mixed initiative strategies}{section.141}% 54
\BOOKMARK [2][-]{subsection.145}{First efficiency comparison}{section.141}% 55
\BOOKMARK [1][-]{section.156}{Incremental strategies}{chapter.135}% 56
\BOOKMARK [0][-]{chapter.163}{Incremental dialogue simulation}{part.72}% 57
\BOOKMARK [1][-]{section.164}{Overview}{chapter.163}% 58
\BOOKMARK [1][-]{section.166}{Incremental dialogue simulation}{chapter.163}% 59
\BOOKMARK [2][-]{subsection.168}{User Simulator}{section.166}% 60
\BOOKMARK [2][-]{subsection.177}{ASR output simulator}{section.166}% 61
\BOOKMARK [1][-]{section.187}{Personal Agenda management simulated environment}{chapter.163}% 62
\BOOKMARK [2][-]{subsection.188}{The service: personal agenda assistant}{section.187}% 63
\BOOKMARK [2][-]{subsection.198}{Simulator instanciation}{section.187}% 64
\BOOKMARK [1][-]{section.205}{Functionning illustration}{chapter.163}% 65
\BOOKMARK [0][-]{chapter.206}{Handcrafted strategies for improving dialogue efficiency}{part.72}% 66
\BOOKMARK [1][-]{section.207}{User and system initiative}{chapter.206}% 67
\BOOKMARK [2][-]{subsection.208}{Strategies}{section.207}% 68
\BOOKMARK [2][-]{subsection.211}{Experiments}{section.207}% 69
\BOOKMARK [1][-]{section.214}{Incremental strategies}{chapter.206}% 70
\BOOKMARK [2][-]{subsection.215}{TTP implementation}{section.214}% 71
\BOOKMARK [2][-]{subsection.225}{Experiments}{section.214}% 72
\BOOKMARK [0][-]{chapter.228}{Reinforcement learning for turn-taking optimisation}{part.72}% 73
\BOOKMARK [1][-]{section.229}{Model}{chapter.228}% 74
\BOOKMARK [2][-]{subsection.230}{State representation}{section.229}% 75
\BOOKMARK [2][-]{subsection.236}{Actions, rewards and episodes}{section.229}% 76
\BOOKMARK [2][-]{subsection.237}{Fitted-Q Value Iteration}{section.229}% 77
\BOOKMARK [1][-]{section.244}{Experiment}{chapter.228}% 78
\BOOKMARK [2][-]{subsection.245}{Setup}{section.244}% 79
\BOOKMARK [2][-]{subsection.251}{Results}{section.244}% 80
\BOOKMARK [0][-]{chapter.252}{Experiment with real users}{part.72}% 81
\BOOKMARK [1][-]{section.253}{Protocol}{chapter.252}% 82
\BOOKMARK [1][-]{section.254}{Results}{chapter.252}% 83
\BOOKMARK [0][-]{chapter.255}{A new reinforcement learning approach adapted to incremental dialogue}{part.72}% 84
\BOOKMARK [1][-]{section.256}{Problem}{chapter.255}% 85
\BOOKMARK [1][-]{section.257}{Proposed approach}{chapter.255}% 86
\BOOKMARK [1][-]{section.258}{Toy problem application}{chapter.255}% 87
\BOOKMARK [1][-]{section.259}{Simulation results}{chapter.255}% 88
\BOOKMARK [0][-]{chapter*.260}{Liste des illustrations}{part.72}% 89
\BOOKMARK [0][-]{chapter*.261}{Liste des tableaux}{part.72}% 90
\BOOKMARK [0][-]{chapter*.262}{Bibliographie}{part.72}% 91
